<?xml version="1.0" encoding="UTF-8" ?>
<testsuite errors="0" failures="0" hostname="jp-ThinkPad-E460" name="concerttours.jalo.ConcerttoursTest" tests="1" time="0.068" timestamp="2020-01-02T17:32:36">
  <testcase classname="concerttours.jalo.ConcerttoursTest" name="testConcerttours" time="0.066" />
  <system-out><![CDATA[]]></system-out>
  <system-err><![CDATA[]]></system-err>
</testsuite>
