<?xml version="1.0" encoding="UTF-8" ?>
<testsuite errors="0" failures="0" hostname="jp-ThinkPad-E460" name="concerttours.daos.impl.DefaultBandDAOIntegrationTest" tests="3" time="6.759" timestamp="2020-01-02T17:32:15">
  <testcase classname="concerttours.daos.impl.DefaultBandDAOIntegrationTest" name="testFindBands_EmptyStringParam" time="2.265" />
  <testcase classname="concerttours.daos.impl.DefaultBandDAOIntegrationTest" name="testfindBands_NullParam" time="2.197" />
  <testcase classname="concerttours.daos.impl.DefaultBandDAOIntegrationTest" name="bandDAOTest" time="2.293" />
  <system-out><![CDATA[]]></system-out>
  <system-err><![CDATA[]]></system-err>
</testsuite>
