<?xml version="1.0" encoding="UTF-8" ?>
<testsuite errors="0" failures="0" hostname="jp-ThinkPad-E460" name="concerttours.attributehandlers.ConcertDaysUntilAttributeHandlerIntegrationTest" tests="3" time="0.484" timestamp="2020-01-02T17:32:14">
  <testcase classname="concerttours.attributehandlers.ConcertDaysUntilAttributeHandlerIntegrationTest" name="testGetNullConcertDate" time="0.232" />
  <testcase classname="concerttours.attributehandlers.ConcertDaysUntilAttributeHandlerIntegrationTest" name="testGetFutureConcertDate" time="0.122" />
  <testcase classname="concerttours.attributehandlers.ConcertDaysUntilAttributeHandlerIntegrationTest" name="testGetPastConcertDate" time="0.124" />
  <system-out><![CDATA[]]></system-out>
  <system-err><![CDATA[]]></system-err>
</testsuite>
