<?xml version="1.0" encoding="UTF-8" ?>
<testsuite errors="0" failures="0" hostname="jp-ThinkPad-E460" name="concerttours.service.impl.DefaultConcerttoursServiceIntegrationTest" tests="1" time="3.024" timestamp="2020-01-02T17:30:54">
  <testcase classname="concerttours.service.impl.DefaultConcerttoursServiceIntegrationTest" name="shouldReturnProperUrlForLogo" time="2.939" />
  <system-out><![CDATA[INFO  [main] [TenantStartupNotifier] Using default implementation of TenantStartupNotifier for tenant <<junit>>[389449764]
INFO  [main] [TenantStartupNotifier] Instantiating de.hybris.platform.core.BlockingTenantStartupNotifier for tenant <<junit>>[389449764].
INFO  [main] [TenantStartupNotifier] Using default implementation of TenantStartupNotifier for tenant <<master>>
INFO  [main] [TenantStartupNotifier] Instantiating de.hybris.platform.core.BlockingTenantStartupNotifier for tenant <<master>>.
>>> No SAP licenses found in the system. Trying fallback to hybris license.
INFO  [main] [Registry] Using additional Trust Store set in the hybris properties.
INFO  [main] [JerseyClientDefaultSslContextProvider] Jersey client will use jvm default SSLContext
INFO  [main] [Registry] Additional Trust Store has been merged with the default SSLContext.
INFO  [main] [DefaultClusterNodeManagementService] Automatic cluster ID discovery disabled. Configured ID: 0
INFO  [main] [TenantStartupNotifier] Using default implementation of TenantStartupNotifier for tenant <<t1>>[830832465]
INFO  [main] [TenantStartupNotifier] Instantiating de.hybris.platform.core.BlockingTenantStartupNotifier for tenant <<t1>>[830832465].
INFO  [main] [TenantStartupNotifier] Using default implementation of TenantStartupNotifier for tenant <<t2>>[-1218669460]
INFO  [main] [TenantStartupNotifier] Instantiating de.hybris.platform.core.BlockingTenantStartupNotifier for tenant <<t2>>[-1218669460].
INFO  [main] [TenantStartupNotifier] Using default implementation of TenantStartupNotifier for tenant <<foo>>[729002182]
INFO  [main] [TenantStartupNotifier] Instantiating de.hybris.platform.core.BlockingTenantStartupNotifier for tenant <<foo>>[729002182].
INFO  [main] (junit) [AbstractTenant] Created master data source DataSourceImpl<<junit/master>>
INFO  [main] (junit) [AbstractTenant] Created alternative data source "alt1"
INFO  [main] (junit) [AbstractTenant] Created alternative data source "alt2"
INFO  [main] (junit) [AbstractTenant] Created alternative data source "a"
INFO  [main] (junit) [AbstractTenant] Created alternative data source "b"
INFO  [main] (junit) [AbstractTenant] Created alternative data source "c"
INFO  [main] (junit) [DefaultBroadcastService] Started message broadcast service:
clustering (enabled:false)
sending synchronously - no queue
methods [<loopback>::de.hybris.platform.cluster.LoopBackBroadcastMethod@762637be]
INFO  [main] (junit) [hybrisserver] 
INFO  [main] (junit) [hybrisserver] *****************************************************************
INFO  [main] (junit) [hybrisserver] 
INFO  [main] (junit) [hybrisserver] Starting up hybris server
INFO  [main] (junit) [hybrisserver] 
INFO  [main] (junit) [hybrisserver] Configuration:
INFO  [main] (junit) [hybrisserver] 
INFO  [main] (junit) [hybrisserver] Cluster:     disabled
INFO  [main] (junit) [hybrisserver] Tenant:      junit
INFO  [main] (junit) [hybrisserver] Mode:        development
INFO  [main] (junit) [hybrisserver] OS:          Linux 4.15.0-72-generic, amd64
INFO  [main] (junit) [hybrisserver] Database:    Pool: hybris - hsqldb, table prefix: junit_
INFO  [main] (junit) [hybrisserver]              SA - jdbc:hsqldb:file:/home/jp/Documentos/sap/sap/hybris/data/hsqldb/mydb;shutdown=true;hsqldb.tx=MVCC;hsqldb.log_size=256
INFO  [main] (junit) [hybrisserver] Platform:    1905.6
INFO  [main] (junit) [hybrisserver] Java:        Private Build
INFO  [main] (junit) [hybrisserver]              OpenJDK Runtime Environment, 11.0.5+10-post-Ubuntu-0ubuntu1.118.04
INFO  [main] (junit) [hybrisserver]              /usr/lib/jvm/java-11-openjdk-amd64
INFO  [main] (junit) [hybrisserver] VM Locale:   language=es,country=AR,region=null
INFO  [main] (junit) [hybrisserver] Cache:       RegionCache is not yet initialized. [de.hybris.platform.cache.impl.RegionCacheAdapter]
INFO  [main] (junit) [hybrisserver] Server type: tomcat
INFO  [main] (junit) [hybrisserver] 
INFO  [main] (junit) [hybrisserver] *****************************************************************
INFO  [main] (junit) [hybrisserver] 
INFO  [main] (junit) [hybrisserver] ---------------------------------------------------------------
INFO  [main] (junit) [hybrisserver] --- Extensions in dependency order ( options: 
INFO  [main] (junit) [hybrisserver] ---  @deprecated: is deprecated, p: platform extension,*: auto-required 
INFO  [main] (junit) [hybrisserver] ---  ?: lazy-loaded, i: got items.xml, b: got beans.xml, c: got core module 
INFO  [main] (junit) [hybrisserver] ---  w: got web module ) 
INFO  [main] (junit) [hybrisserver] ---------------------------------------------------------------
INFO  [main] (junit) [hybrisserver] core 1905.6 [p*cib]
INFO  [main] (junit) [hybrisserver] scripting 1905.6 [p*ci]
INFO  [main] (junit) [hybrisserver] maintenanceweb 1905.6 [p*w]
INFO  [main] (junit) [hybrisserver] testweb 1905.6 [p*w]
INFO  [main] (junit) [hybrisserver] deliveryzone 1905.6 [p*ci]
INFO  [main] (junit) [hybrisserver] paymentstandard 1905.6 [p*ci]
INFO  [main] (junit) [hybrisserver] commons 1905.6 [p*ci]
INFO  [main] (junit) [hybrisserver] processing->(scripting,commons) 1905.6 [p*cibw]
INFO  [main] (junit) [hybrisserver] mediaweb 1905.6 [p*cw]
INFO  [main] (junit) [hybrisserver] impex->processing 1905.6 [p*ci]
INFO  [main] (junit) [hybrisserver] validation->impex 1905.6 [p*ci]
INFO  [main] (junit) [hybrisserver] catalog->(validation,commons) 1905.6 [p*cib]
INFO  [main] (junit) [hybrisserver] europe1->(impex,catalog) 1905.6 [p*ci]
INFO  [main] (junit) [hybrisserver] platformservices->(paymentstandard,impex,deliveryzone,europe1,processing) 1905.6 [p*cb]
INFO  [main] (junit) [hybrisserver] hac->(impex,catalog,processing,platformservices) 1905.6 [p*cw]
INFO  [main] (junit) [hybrisserver] oauth2->platformservices 1905.6 [p*cibw]
INFO  [main] (junit) [hybrisserver] workflow->(catalog,platformservices,processing,commons) 1905.6 [p*ci]
INFO  [main] (junit) [hybrisserver] advancedsavedquery->(impex,catalog,processing) 1905.6 [p*ci]
INFO  [main] (junit) [hybrisserver] comments->(workflow,impex,catalog,processing) 1905.6 [p*ci]
INFO  [main] (junit) [hybrisserver] auditreportservices <-?-backoffice 1905.6 [?ci] path:/home/jp/Documentos/sap/sap/hybris/bin/modules/platform/auditreportservices
INFO  [main] (junit) [hybrisserver] backoffice->auditreportservices <-?-platformbackoffice 1905.6 [?ciw] path:/home/jp/Documentos/sap/sap/hybris/bin/modules/backoffice-framework/backoffice
INFO  [main] (junit) [hybrisserver] yhacext 1905.6 [cib] path:/home/jp/Documentos/sap/sap/hybris/bin/modules/platform/yhacext
INFO  [main] (junit) [hybrisserver] yempty 1905.6 [cibw] path:/home/jp/Documentos/sap/sap/hybris/bin/modules/platform/yempty
INFO  [main] (junit) [hybrisserver] platformbackoffice->backoffice 1905.6 [cib] path:/home/jp/Documentos/sap/sap/hybris/bin/modules/backoffice-framework/platformbackoffice
INFO  [main] (junit) [hybrisserver] concerttours 1905.6 [cibw] path:/home/jp/Documentos/sap/sap/hybris/bin/custom/concerttours
INFO  [main] (junit) [hybrisserver] ---------------------------------------------------------------
INFO  [main] (junit) [HybrisContextFactory] Loading <<global>> spring config from extension (core) located in (global-core-spring.xml,core-cache.xml,global-servicelayer-spring.xml,global-core-jmx-spring.xml,global-statistics-spring.xml) took: (797.9 ms)
INFO  [main] (junit) [HybrisContextFactory] - Refreshing SpringContext (Global context) took: (657.0 ms)
INFO  [main] (junit) [HybrisContextFactory] Initializing <<global>> Spring ApplicationContext took: (1.572 s)
INFO  [main] (junit) [HybrisContextFactory] Loading <<application>> spring config <junit> from extension (core) located in (core-spring.xml,core-media-spring.xml,persistence-spring.xml,core-profiling-spring.xml,core-jmx-spring.xml,core-filter-spring.xml,servicelayer-spring.xml,user-spring.xml,security-spring.xml,media-spring.xml,i18n-spring.xml,interceptor-spring.xml,event-spring.xml,test/test-core-spring.xml,test/test-impex-spring.xml) took: (515.8 ms)
INFO  [main] (junit) [HybrisContextFactory] Loading <<application>> spring config <junit> from extension (scripting) located in (scripting-spring.xml) took: (51.46 ms)
INFO  [main] (junit) [HybrisContextFactory] Loading <<application>> spring config <junit> from extension (commons) located in (commons-spring.xml) took: (33.34 ms)
INFO  [main] (junit) [HybrisContextFactory] Loading <<application>> spring config <junit> from extension (processing) located in (processing-spring.xml,cronjob-spring.xml,task-spring.xml,processengine-spring.xml,processing-jmx-spring.xml,processing-distributed-spring.xml,test/test-processing-spring.xml) took: (202.9 ms)
INFO  [main] (junit) [HybrisContextFactory] Loading <<application>> spring config <junit> from extension (impex) located in (impex-spring.xml) took: (10.37 ms)
INFO  [main] (junit) [HybrisContextFactory] Loading <<application>> spring config <junit> from extension (validation) located in (validation-spring.xml) took: (17.12 ms)
INFO  [main] (junit) [HybrisContextFactory] Loading <<application>> spring config <junit> from extension (europe1) located in (europe1-spring.xml) took: (9.458 ms)
INFO  [main] (junit) [HybrisContextFactory] Loading <<application>> spring config <junit> from extension (platformservices) located in (catalog-spring.xml,order-spring.xml,product-spring.xml,category-spring.xml,classification-spring.xml,jobs-spring.xml,converters-spring.xml,audit-spring.xml) took: (148.7 ms)
INFO  [main] (junit) [HybrisContextFactory] Loading <<application>> spring config <junit> from extension (hac) located in (hac-spring.xml) took: (11.97 ms)
INFO  [main] (junit) [HybrisContextFactory] Loading <<application>> spring config <junit> from extension (oauth2) located in (oauth2-spring.xml) took: (85.26 ms)
INFO  [main] (junit) [HybrisContextFactory] Loading <<application>> spring config <junit> from extension (workflow) located in (workflow-spring.xml) took: (46.30 ms)
INFO  [main] (junit) [HybrisContextFactory] Loading <<application>> spring config <junit> from extension (comments) located in (comments-spring.xml) took: (13.35 ms)
INFO  [main] (junit) [HybrisContextFactory] Loading <<application>> spring config <junit> from extension (auditreportservices) located in (auditreportservices-spring.xml) took: (26.27 ms)
INFO  [main] (junit) [HybrisContextFactory] Loading <<application>> spring config <junit> from extension (backoffice) located in (backoffice-spring.xml) took: (341.8 ms)
INFO  [main] (junit) [HybrisContextFactory] Loading <<application>> spring config <junit> from extension (yhacext) located in (yhacext-spring.xml) took: (8.213 ms)
INFO  [main] (junit) [HybrisContextFactory] Loading <<application>> spring config <junit> from extension (yempty) located in (yempty-spring.xml) took: (8.758 ms)
INFO  [main] (junit) [HybrisContextFactory] Loading <<application>> spring config <junit> from extension (platformbackoffice) located in (platformbackoffice-spring.xml) took: (14.41 ms)
INFO  [main] (junit) [HybrisContextFactory] Loading <<application>> spring config <junit> from extension (concerttours) located in (concerttours-spring.xml) took: (78.21 ms)
INFO  [main] (junit) [LazyInitOverrideBeanFactoryPostProcessor] Setting lazy-init='false' for configuration beans
INFO  [main] (junit) [EHCacheRegion] EHCacheRegion entityCacheRegion, eviction policy FIFO, size 100000
INFO  [main] (junit) [EHCacheRegion] EHCacheRegion queryCacheRegion, eviction policy FIFO, size 20000
INFO  [main] (junit) [EHCacheRegion] EHCacheRegion sessionCacheRegion, eviction policy LRU, size 50000
INFO  [main] (junit) [DefaultCacheController] Regioncache initialized with region count 6
INFO  [main] (junit) [DefaultCacheController] Cache region: Name: typesystemCacheRegion, size: 0, types: [81, 82, 83, 84, 87], statistics: true, class: class de.hybris.platform.regioncache.region.impl.UnlimitedCacheRegion
INFO  [main] (junit) [DefaultCacheController] Cache region: Name: entityCacheRegion, size: 100000, types: [__ALL_TYPES__, __NO_QUERY__], exclusive computation: false, statistics: true, class: class de.hybris.platform.regioncache.region.impl.EHCacheRegion
INFO  [main] (junit) [DefaultCacheController] Cache region: Name: queryCacheRegion, size: 20000, types: [__QUERY_CACHE__], exclusive computation: false, statistics: true, class: class de.hybris.platform.regioncache.region.impl.EHCacheRegion
INFO  [main] (junit) [DefaultCacheController] Cache region: Name: mediaCacheRegion, size: 0, types: [__MEDIA__cache], statistics: true, class: class de.hybris.platform.media.storage.impl.MediaCacheRegion
INFO  [main] (junit) [DefaultCacheController] Cache region: Name: scriptsCacheRegion, size: 0, types: [__SCRIPT__], statistics: true, class: class de.hybris.platform.scripting.engine.internal.cache.impl.ScriptsCacheRegion
INFO  [main] (junit) [DefaultCacheController] Cache region: Name: sessionCacheRegion, size: 50000, types: [__SESSION__], exclusive computation: false, statistics: true, class: class de.hybris.platform.regioncache.region.impl.EHCacheRegion
INFO  [main] (junit) [DefaultCacheController] Registered Listener de.hybris.platform.media.storage.impl.DefaultLocalMediaFileCacheService$MediaCacheLifecycleCallback@2f349170 on cache controller. Currently registered 1
INFO  [main] (junit) [HybrisSpringSessionFilter] Hybris Spring Session filter disabled
INFO  [main] (junit) [Reflections] Reflections took 61 ms to scan 1 urls, producing 9 keys and 16 values 
INFO  [main] (junit) [Reflections] Reflections took 1 ms to scan 1 urls, producing 2 keys and 5 values 
INFO  [main] (junit) [ListMergeDirectiveBeanPostProcessor] Post Processing ListMergeDirective [priceProcessorsMergeDirective] on Bean [defaultPriceProcessors]
INFO  [main] (junit) [ListMergeDirectiveBeanPostProcessor] Post Processing ListMergeDirective [discountProcessorsMergeDirective] on Bean [defaultDiscountProcessors]
INFO  [main] (junit) [ListMergeDirectiveBeanPostProcessor] Post Processing ListMergeDirective [taxProcessorsMergeDirective] on Bean [defaultTaxProcessors]
INFO  [main] (junit) [PricingCustomizationDetector] PDT smart calculation mode is enabled (pdt.calculation.mode=smart). This setting is not recommended for production environment.
INFO  [main] (junit) [StatisticsService] adding chart memoryChart
INFO  [main] (junit) [StatisticsService] adding chart threadsChart
INFO  [main] (junit) [StatisticsService] adding chart osChart
INFO  [main] (junit) [StatisticsService] adding chart sessionsChart
INFO  [main] (junit) [StatisticsService] adding chart taskQueueSizeChart_junit
INFO  [main] (junit) [StatisticsService] adding chart taskQueuePoolingSizeChart_junit
INFO  [main] (junit) [StatisticsService] adding chart dbConnectionsInUseChart_junit
INFO  [main] (junit) [ListMergeDirectiveBeanPostProcessor] Post Processing ListMergeDirective [auditReportServicesCustomerCleanupHookMergeDirective] on Bean [customerCleanupHooks]
INFO  [main] (junit) [HybrisContextFactory] - Refreshing SpringContext (hybris Application context - junit) took: (8.862 s)
INFO  [main] (junit) [HybrisContextFactory] Initializing application Spring ApplicationContext for tenant junit  took: (10.51 s)
INFO  [main] (junit) [BlockingTenantStartupNotifier] Scheduling 10 tenant startup listeners to be notified for tenant <<junit>>[389449764]
INFO  [main] (junit) [BlockingTenantStartupNotifier] Starting notifing listeners for tenant <<junit>>[389449764].
INFO  [AfterSaveEventPublisher-junit] (junit) [BlockingTenantStartupNotifier] Other thread is already notifying listeners for tenant <<junit>>[389449764].
INFO  [main] (junit) [BlockingTenantStartupNotifier] Executing startup listeners for tenant <<junit>>[389449764].
INFO  [AfterSaveEventPublisher-junit] (junit) [BlockingTenantStartupNotifier] Waiting for other thread to finish notifying listeners for tenant <<junit>>[389449764].
INFO  [main] (junit) [BlockingTenantStartupNotifier] Notifying de.hybris.platform.core.JMXBeanLoader@205c0b1a for tenant <<junit>>[389449764].
INFO  [main] (junit) [BlockingTenantStartupNotifier] de.hybris.platform.core.JMXBeanLoader@205c0b1a has finished successfully in 64.26 ms.
INFO  [main] (junit) [BlockingTenantStartupNotifier] Notifying de.hybris.platform.cronjob.jalo.CronJobManager$CronJobTenantListener@19bd1f98 for tenant <<junit>>[389449764].
INFO  [main] (junit) [DefaultCacheController] Registered Listener RegionCacheAdapter(1882485569) - <<junit>> on cache controller. Currently registered 2
INFO  [main] (junit) [DefaultTaskService] Task engine starting up (min:10 max:10 idle:20s interval:2s)
INFO  [Task-junit-poll] (junit) [BlockingTenantStartupNotifier] Other thread is already notifying listeners for tenant <<junit>>[389449764].
INFO  [Task-junit-poll] (junit) [BlockingTenantStartupNotifier] Waiting for other thread to finish notifying listeners for tenant <<junit>>[389449764].
INFO  [main] (junit) [BlockingTenantStartupNotifier] de.hybris.platform.cronjob.jalo.CronJobManager$CronJobTenantListener@19bd1f98 has finished successfully in 854.2 ms.
INFO  [main] (junit) [BlockingTenantStartupNotifier] Notifying de.hybris.platform.cluster.DefaultBroadcastService$1$1@7b255b15 for tenant <<junit>>[389449764].
INFO  [main] (junit) [BlockingTenantStartupNotifier] de.hybris.platform.cluster.DefaultBroadcastService$1$1@7b255b15 has finished successfully in 4.588 ms.
INFO  [main] (junit) [BlockingTenantStartupNotifier] Notifying de.hybris.platform.spring.HybrisRequestScope$1@6f83db89 for tenant <<junit>>[389449764].
INFO  [main] (junit) [BlockingTenantStartupNotifier] de.hybris.platform.spring.HybrisRequestScope$1@6f83db89 has finished successfully in 20.27 μs.
INFO  [main] (junit) [BlockingTenantStartupNotifier] Notifying de.hybris.platform.servicelayer.internal.model.impl.ModelContextProxy$2@51102651 for tenant <<junit>>[389449764].
INFO  [main] (junit) [BlockingTenantStartupNotifier] de.hybris.platform.servicelayer.internal.model.impl.ModelContextProxy$2@51102651 has finished successfully in 43.19 μs.
INFO  [main] (junit) [BlockingTenantStartupNotifier] Notifying de.hybris.platform.jalo.user.UserManager$1@10dba2e3 for tenant <<junit>>[389449764].
INFO  [main] (junit) [BlockingTenantStartupNotifier] de.hybris.platform.jalo.user.UserManager$1@10dba2e3 has finished successfully in 59.79 μs.
INFO  [main] (junit) [BlockingTenantStartupNotifier] Notifying de.hybris.platform.directpersistence.selfhealing.impl.DefaultSelfHealingService$2@550b19d1 for tenant <<junit>>[389449764].
INFO  [main] (junit) [BlockingTenantStartupNotifier] de.hybris.platform.directpersistence.selfhealing.impl.DefaultSelfHealingService$2@550b19d1 has finished successfully in 749.9 μs.
INFO  [main] (junit) [BlockingTenantStartupNotifier] Notifying de.hybris.platform.servicelayer.web.session.persister.AsyncSessionPersister$1@74d74701 for tenant <<junit>>[389449764].
INFO  [main] (junit) [AsyncSessionPersister] No need to start async session persister since asynchronous session persistence is not configured.
INFO  [main] (junit) [BlockingTenantStartupNotifier] de.hybris.platform.servicelayer.web.session.persister.AsyncSessionPersister$1@74d74701 has finished successfully in 939.3 μs.
INFO  [main] (junit) [BlockingTenantStartupNotifier] Notifying de.hybris.platform.util.config.RuntimeConfigUpdateListener@349e6ca8 for tenant <<junit>>[389449764].
INFO  [main] (junit) [BlockingTenantStartupNotifier] de.hybris.platform.util.config.RuntimeConfigUpdateListener@349e6ca8 has finished successfully in 7.042 ms.
INFO  [main] (junit) [BlockingTenantStartupNotifier] Notifying de.hybris.platform.order.strategies.calculation.impl.internal.PricingCustomizationDetector$PricingCustomizationDetectorListener@1e8b3a8 for tenant <<junit>>[389449764].
INFO  [RuntimeConfigRefreshRunner (junit)] (junit) [BlockingTenantStartupNotifier] Other thread is already notifying listeners for tenant <<junit>>[389449764].
INFO  [RuntimeConfigRefreshRunner (junit)] (junit) [BlockingTenantStartupNotifier] Waiting for other thread to finish notifying listeners for tenant <<junit>>[389449764].
INFO  [main] (junit) [BlockingTenantStartupNotifier] de.hybris.platform.order.strategies.calculation.impl.internal.PricingCustomizationDetector$PricingCustomizationDetectorListener@1e8b3a8 has finished successfully in 310.1 μs.
INFO  [main] (junit) [BlockingTenantStartupNotifier] All listeners for tenant <<junit>>[389449764] have been notified in 938.3 ms.
INFO  [main] (junit) [BlockingTenantStartupNotifier] Finished notifing listeners for tenant <<junit>>[389449764].
INFO  [Task-junit-poll] (junit) [BlockingTenantStartupNotifier] Finished waiting for tenant <<junit>>[389449764] in 38.23 ms.
INFO  [Task-junit-poll] (junit) [DefaultTaskService] Polling thread started.
INFO  [AfterSaveEventPublisher-junit] (junit) [BlockingTenantStartupNotifier] Finished waiting for tenant <<junit>>[389449764] in 939.6 ms.
INFO  [RuntimeConfigRefreshRunner (junit)] (junit) [BlockingTenantStartupNotifier] Finished waiting for tenant <<junit>>[389449764] in 6.682 ms.
INFO  [Task-junit-poll] (junit) [DefaultModelConverterRegistry] loading model converters: 
INFO  [Task-junit-poll] (junit) [DefaultModelConverterRegistry] 	pre-fetch mode:default
INFO  [main] (junit) [LogRunListener] Starting test class concerttours.service.impl.DefaultConcerttoursServiceIntegrationTest
INFO  [main] (junit) [LogRunListener] Starting test method shouldReturnProperUrlForLogo(concerttours.service.impl.DefaultConcerttoursServiceIntegrationTest)
INFO  [main] (junit) [Version] HV000001: Hibernate Validator 6.0.10.Final
INFO  [main] (junit) [ConfigurationImpl] HV000002: Ignoring XML configuration.
DEBUG [main] (junit) [DefaultConcerttoursService] Found media [code: concerttoursPlatformLogo]
DEBUG [main] (junit) [DefaultConcerttoursService] Found media [code: concerttoursPlatformLogo]
INFO  [main] (junit) [LogRunListener] Finished test method shouldReturnProperUrlForLogo(concerttours.service.impl.DefaultConcerttoursServiceIntegrationTest) in 2 seconds
INFO  [main] (junit) [HsqldbCheckpointRunListener] Calling CHECKPOINT for HSQLDB took 108 ms
INFO  [main] (junit) [OpenDBConnectionRunListener] Currently still open DB connection: 0
INFO  [main] (junit) [SimpleLog4jPerformanceMeasurement] Test method concerttours.service.impl.DefaultConcerttoursServiceIntegrationTest.shouldReturnProperUrlForLogo succeeded. Time taken: 2.937 s
INFO  [main] (junit) [LogRunListener] Finished (successful) test class concerttours.service.impl.DefaultConcerttoursServiceIntegrationTest
INFO  [main] (junit) [LogRunListener]   Total run time: 0d 00h:00m:02s:969ms
INFO  [main] (junit) [LogRunListener]   Total tests count: 1
INFO  [main] (junit) [LogRunListener]   Failed tests count: 0
INFO  [main] (junit) [LogRunListener]   Ignored tests count: 0
INFO  [main] (junit) [ClassLoaderOverviewRunListener] Loaded class count: 15135 diff: 1829
INFO  [main] (junit) [ClassLoaderOverviewRunListener] Total loaded class count: 15135 diff: 1829
INFO  [main] (junit) [ClassLoaderOverviewRunListener] Unloaded class count: 0 diff: 0
]]></system-out>
  <system-err><![CDATA[]]></system-err>
</testsuite>
